[0.017s] Invoking command in '/home/rozy/yolobot/build/yolobot_recognition': CMAKE_PREFIX_PATH=${CMAKE_PREFIX_PATH}:/home/rozy/eyantra_ws/install/ur5_control:/home/rozy/ws_moveit2/install/moveit_configs_utils:/home/rozy/ws_moveit2/install/launch_param_builder:/home/rozy/ros2_ws/install/turtlesim_catch_them_all:/home/rozy/ros2_ws/install/my_py_pkg:/opt/ros/humble /usr/bin/cmake /home/rozy/yolobot/src/yolobot_recognition -DCMAKE_INSTALL_PREFIX=/home/rozy/yolobot/install/yolobot_recognition
[0.114s] -- The C compiler identification is GNU 11.4.0
[0.207s] -- The CXX compiler identification is GNU 11.4.0
[0.215s] -- Detecting C compiler ABI info
[0.276s] -- Detecting C compiler ABI info - done
[0.284s] -- Check for working C compiler: /usr/bin/cc - skipped
[0.284s] -- Detecting C compile features
[0.284s] -- Detecting C compile features - done
[0.287s] -- Detecting CXX compiler ABI info
[0.350s] -- Detecting CXX compiler ABI info - done
[0.358s] -- Check for working CXX compiler: /usr/bin/c++ - skipped
[0.358s] -- Detecting CXX compile features
[0.359s] -- Detecting CXX compile features - done
[0.366s] -- Found ament_cmake: 1.3.11 (/opt/ros/humble/share/ament_cmake/cmake)
[0.500s] -- Found Python3: /usr/bin/python3 (found version "3.10.12") found components: Interpreter 
[0.624s] -- Found ament_lint_auto: 0.12.11 (/opt/ros/humble/share/ament_lint_auto/cmake)
[0.706s] -- Added test 'copyright' to check source files copyright and LICENSE
[0.708s] -- Added test 'flake8' to check Python code syntax and style conventions
[0.709s] -- Added test 'lint_cmake' to check CMake code style
[0.710s] -- Added test 'pep257' to check Python code against some of the docstring style conventions in PEP 257
[0.711s] -- Added test 'xmllint' to check XML markup files
[0.712s] -- Configuring done
[0.714s] -- Generating done
[0.716s] -- Build files have been written to: /home/rozy/yolobot/build/yolobot_recognition
[0.718s] Invoked command in '/home/rozy/yolobot/build/yolobot_recognition' returned '0': CMAKE_PREFIX_PATH=${CMAKE_PREFIX_PATH}:/home/rozy/eyantra_ws/install/ur5_control:/home/rozy/ws_moveit2/install/moveit_configs_utils:/home/rozy/ws_moveit2/install/launch_param_builder:/home/rozy/ros2_ws/install/turtlesim_catch_them_all:/home/rozy/ros2_ws/install/my_py_pkg:/opt/ros/humble /usr/bin/cmake /home/rozy/yolobot/src/yolobot_recognition -DCMAKE_INSTALL_PREFIX=/home/rozy/yolobot/install/yolobot_recognition
[0.719s] Invoking command in '/home/rozy/yolobot/build/yolobot_recognition': CMAKE_PREFIX_PATH=${CMAKE_PREFIX_PATH}:/home/rozy/eyantra_ws/install/ur5_control:/home/rozy/ws_moveit2/install/moveit_configs_utils:/home/rozy/ws_moveit2/install/launch_param_builder:/home/rozy/ros2_ws/install/turtlesim_catch_them_all:/home/rozy/ros2_ws/install/my_py_pkg:/opt/ros/humble /usr/bin/cmake --build /home/rozy/yolobot/build/yolobot_recognition -- -j12 -l12
[0.757s] Invoked command in '/home/rozy/yolobot/build/yolobot_recognition' returned '0': CMAKE_PREFIX_PATH=${CMAKE_PREFIX_PATH}:/home/rozy/eyantra_ws/install/ur5_control:/home/rozy/ws_moveit2/install/moveit_configs_utils:/home/rozy/ws_moveit2/install/launch_param_builder:/home/rozy/ros2_ws/install/turtlesim_catch_them_all:/home/rozy/ros2_ws/install/my_py_pkg:/opt/ros/humble /usr/bin/cmake --build /home/rozy/yolobot/build/yolobot_recognition -- -j12 -l12
[0.758s] Invoking command in '/home/rozy/yolobot/build/yolobot_recognition': CMAKE_PREFIX_PATH=${CMAKE_PREFIX_PATH}:/home/rozy/eyantra_ws/install/ur5_control:/home/rozy/ws_moveit2/install/moveit_configs_utils:/home/rozy/ws_moveit2/install/launch_param_builder:/home/rozy/ros2_ws/install/turtlesim_catch_them_all:/home/rozy/ros2_ws/install/my_py_pkg:/opt/ros/humble /usr/bin/cmake --install /home/rozy/yolobot/build/yolobot_recognition
[0.764s] -- Install configuration: ""
[0.764s] -- Installing: /home/rozy/yolobot/install/yolobot_recognition/share/yolobot_recognition//scripts
[0.764s] -- Installing: /home/rozy/yolobot/install/yolobot_recognition/share/yolobot_recognition//scripts/.gitattributes
[0.764s] -- Installing: /home/rozy/yolobot/install/yolobot_recognition/share/yolobot_recognition//scripts/.dockerignore
[0.764s] -- Installing: /home/rozy/yolobot/install/yolobot_recognition/share/yolobot_recognition//scripts/yolov8n.pt
[0.768s] -- Installing: /home/rozy/yolobot/install/yolobot_recognition/share/yolobot_recognition//scripts/yolov8_ros2_subscriber.py
[0.768s] -- Installing: /home/rozy/yolobot/install/yolobot_recognition/share/yolobot_recognition//scripts/.gitignore
[0.768s] -- Installing: /home/rozy/yolobot/install/yolobot_recognition/share/yolobot_recognition//scripts/yolov8_ros2_pt.py
[0.768s] -- Installing: /home/rozy/yolobot/install/yolobot_recognition/share/yolobot_recognition//launch
[0.768s] -- Installing: /home/rozy/yolobot/install/yolobot_recognition/share/yolobot_recognition//launch/launch_yolov8.launch.py
[0.768s] -- Installing: /home/rozy/yolobot/install/yolobot_recognition/lib/yolobot_recognition/yolov8_ros2_pt.py
[0.768s] -- Installing: /home/rozy/yolobot/install/yolobot_recognition/lib/yolobot_recognition/yolov8_ros2_subscriber.py
[0.768s] -- Installing: /home/rozy/yolobot/install/yolobot_recognition/lib/yolobot_recognition/launch_yolov8.launch.py
[0.768s] -- Installing: /home/rozy/yolobot/install/yolobot_recognition/share/ament_index/resource_index/package_run_dependencies/yolobot_recognition
[0.769s] -- Installing: /home/rozy/yolobot/install/yolobot_recognition/share/ament_index/resource_index/parent_prefix_path/yolobot_recognition
[0.769s] -- Installing: /home/rozy/yolobot/install/yolobot_recognition/share/yolobot_recognition/environment/ament_prefix_path.sh
[0.769s] -- Installing: /home/rozy/yolobot/install/yolobot_recognition/share/yolobot_recognition/environment/ament_prefix_path.dsv
[0.769s] -- Installing: /home/rozy/yolobot/install/yolobot_recognition/share/yolobot_recognition/environment/path.sh
[0.769s] -- Installing: /home/rozy/yolobot/install/yolobot_recognition/share/yolobot_recognition/environment/path.dsv
[0.769s] -- Installing: /home/rozy/yolobot/install/yolobot_recognition/share/yolobot_recognition/local_setup.bash
[0.769s] -- Installing: /home/rozy/yolobot/install/yolobot_recognition/share/yolobot_recognition/local_setup.sh
[0.769s] -- Installing: /home/rozy/yolobot/install/yolobot_recognition/share/yolobot_recognition/local_setup.zsh
[0.769s] -- Installing: /home/rozy/yolobot/install/yolobot_recognition/share/yolobot_recognition/local_setup.dsv
[0.769s] -- Installing: /home/rozy/yolobot/install/yolobot_recognition/share/yolobot_recognition/package.dsv
[0.769s] -- Installing: /home/rozy/yolobot/install/yolobot_recognition/share/ament_index/resource_index/packages/yolobot_recognition
[0.769s] -- Installing: /home/rozy/yolobot/install/yolobot_recognition/share/yolobot_recognition/cmake/yolobot_recognitionConfig.cmake
[0.769s] -- Installing: /home/rozy/yolobot/install/yolobot_recognition/share/yolobot_recognition/cmake/yolobot_recognitionConfig-version.cmake
[0.769s] -- Installing: /home/rozy/yolobot/install/yolobot_recognition/share/yolobot_recognition/package.xml
[0.779s] Invoked command in '/home/rozy/yolobot/build/yolobot_recognition' returned '0': CMAKE_PREFIX_PATH=${CMAKE_PREFIX_PATH}:/home/rozy/eyantra_ws/install/ur5_control:/home/rozy/ws_moveit2/install/moveit_configs_utils:/home/rozy/ws_moveit2/install/launch_param_builder:/home/rozy/ros2_ws/install/turtlesim_catch_them_all:/home/rozy/ros2_ws/install/my_py_pkg:/opt/ros/humble /usr/bin/cmake --install /home/rozy/yolobot/build/yolobot_recognition
