[0.015s] Invoking command in '/home/rozy/yolobot/build/yolov8_msgs': CMAKE_PREFIX_PATH=${CMAKE_PREFIX_PATH}:/home/rozy/eyantra_ws/install/ur5_control:/home/rozy/ws_moveit2/install/moveit_configs_utils:/home/rozy/ws_moveit2/install/launch_param_builder:/home/rozy/ros2_ws/install/turtlesim_catch_them_all:/home/rozy/ros2_ws/install/my_py_pkg:/opt/ros/humble /usr/bin/cmake /home/rozy/yolobot/src/yolov8_msgs -DCMAKE_INSTALL_PREFIX=/home/rozy/yolobot/install/yolov8_msgs
[0.105s] -- The C compiler identification is GNU 11.4.0
[0.203s] -- The CXX compiler identification is GNU 11.4.0
[0.210s] -- Detecting C compiler ABI info
[0.271s] -- Detecting C compiler ABI info - done
[0.279s] -- Check for working C compiler: /usr/bin/cc - skipped
[0.279s] -- Detecting C compile features
[0.280s] -- Detecting C compile features - done
[0.282s] -- Detecting CXX compiler ABI info
[0.345s] -- Detecting CXX compiler ABI info - done
[0.354s] -- Check for working CXX compiler: /usr/bin/c++ - skipped
[0.354s] -- Detecting CXX compile features
[0.355s] -- Detecting CXX compile features - done
[0.362s] -- Found ament_cmake: 1.3.11 (/opt/ros/humble/share/ament_cmake/cmake)
[0.496s] -- Found Python3: /usr/bin/python3 (found version "3.10.12") found components: Interpreter 
[0.607s] -- Found std_msgs: 4.2.4 (/opt/ros/humble/share/std_msgs/cmake)
[0.671s] -- Found rosidl_generator_c: 3.1.6 (/opt/ros/humble/share/rosidl_generator_c/cmake)
[0.686s] -- Found rosidl_adapter: 3.1.6 (/opt/ros/humble/share/rosidl_adapter/cmake)
[0.701s] -- Found rosidl_generator_cpp: 3.1.6 (/opt/ros/humble/share/rosidl_generator_cpp/cmake)
[0.719s] -- Using all available rosidl_typesupport_c: rosidl_typesupport_fastrtps_c;rosidl_typesupport_introspection_c
[0.748s] -- Using all available rosidl_typesupport_cpp: rosidl_typesupport_fastrtps_cpp;rosidl_typesupport_introspection_cpp
[0.781s] -- Found rosidl_default_generators: 1.2.0 (/opt/ros/humble/share/rosidl_default_generators/cmake)
[0.985s] -- Found ament_cmake_ros: 0.10.0 (/opt/ros/humble/share/ament_cmake_ros/cmake)
[1.252s] -- Using all available rosidl_typesupport_c: rosidl_typesupport_fastrtps_c;rosidl_typesupport_introspection_c
[1.349s] -- Using all available rosidl_typesupport_cpp: rosidl_typesupport_fastrtps_cpp;rosidl_typesupport_introspection_cpp
[1.366s] -- Found PythonInterp: /usr/bin/python3 (found suitable version "3.10.12", minimum required is "3.6") 
[1.370s] -- Found python_cmake_module: 0.10.0 (/opt/ros/humble/share/python_cmake_module/cmake)
[1.392s] -- Found PythonLibs: /usr/lib/x86_64-linux-gnu/libpython3.10.so (found suitable version "3.10.12", minimum required is "3.5") 
[1.392s] -- Using PYTHON_EXECUTABLE: /usr/bin/python3
[1.392s] -- Using PYTHON_INCLUDE_DIRS: /usr/include/python3.10
[1.392s] -- Using PYTHON_LIBRARIES: /usr/lib/x86_64-linux-gnu/libpython3.10.so
[1.409s] -- Found PythonExtra: .so  
[1.469s] -- Found ament_lint_auto: 0.12.11 (/opt/ros/humble/share/ament_lint_auto/cmake)
[1.505s] -- Added test 'copyright' to check source files copyright and LICENSE
[1.507s] -- Added test 'lint_cmake' to check CMake code style
[1.507s] -- Added test 'xmllint' to check XML markup files
[1.510s] -- Configuring done
[1.529s] -- Generating done
[1.536s] -- Build files have been written to: /home/rozy/yolobot/build/yolov8_msgs
[1.540s] Invoked command in '/home/rozy/yolobot/build/yolov8_msgs' returned '0': CMAKE_PREFIX_PATH=${CMAKE_PREFIX_PATH}:/home/rozy/eyantra_ws/install/ur5_control:/home/rozy/ws_moveit2/install/moveit_configs_utils:/home/rozy/ws_moveit2/install/launch_param_builder:/home/rozy/ros2_ws/install/turtlesim_catch_them_all:/home/rozy/ros2_ws/install/my_py_pkg:/opt/ros/humble /usr/bin/cmake /home/rozy/yolobot/src/yolov8_msgs -DCMAKE_INSTALL_PREFIX=/home/rozy/yolobot/install/yolov8_msgs
[1.541s] Invoking command in '/home/rozy/yolobot/build/yolov8_msgs': CMAKE_PREFIX_PATH=${CMAKE_PREFIX_PATH}:/home/rozy/eyantra_ws/install/ur5_control:/home/rozy/ws_moveit2/install/moveit_configs_utils:/home/rozy/ws_moveit2/install/launch_param_builder:/home/rozy/ros2_ws/install/turtlesim_catch_them_all:/home/rozy/ros2_ws/install/my_py_pkg:/opt/ros/humble /usr/bin/cmake --build /home/rozy/yolobot/build/yolov8_msgs -- -j12 -l12
[1.584s] [  2%] [34m[1mGenerating C code for ROS interfaces[0m
[1.593s] [  5%] [34m[1mGenerating C++ code for ROS interfaces[0m
[1.599s] [  5%] Built target ament_cmake_python_copy_yolov8_msgs
[1.780s] [  5%] Built target yolov8_msgs__cpp
[1.782s] [ 10%] [32mBuilding C object CMakeFiles/yolov8_msgs__rosidl_generator_c.dir/rosidl_generator_c/yolov8_msgs/msg/detail/yolov8_inference__functions.c.o[0m
[1.782s] [ 10%] [32mBuilding C object CMakeFiles/yolov8_msgs__rosidl_generator_c.dir/rosidl_generator_c/yolov8_msgs/msg/detail/inference_result__functions.c.o[0m
[1.784s] running egg_info
[1.784s] creating yolov8_msgs.egg-info
[1.784s] writing yolov8_msgs.egg-info/PKG-INFO
[1.784s] writing dependency_links to yolov8_msgs.egg-info/dependency_links.txt
[1.784s] writing top-level names to yolov8_msgs.egg-info/top_level.txt
[1.785s] writing manifest file 'yolov8_msgs.egg-info/SOURCES.txt'
[1.786s] reading manifest file 'yolov8_msgs.egg-info/SOURCES.txt'
[1.787s] writing manifest file 'yolov8_msgs.egg-info/SOURCES.txt'
[1.790s] [ 17%] [34m[1mGenerating C++ type support for eProsima Fast-RTPS[0m
[1.790s] [ 17%] [34m[1mGenerating C++ type support dispatch for ROS interfaces[0m
[1.790s] [ 17%] [34m[1mGenerating C++ introspection for ROS interfaces[0m
[1.809s] [ 17%] Built target ament_cmake_python_build_yolov8_msgs_egg
[1.825s] [ 20%] [32m[1mLinking C shared library libyolov8_msgs__rosidl_generator_c.so[0m
[1.856s] [ 20%] Built target yolov8_msgs__rosidl_generator_c
[1.865s] [ 28%] [34m[1mGenerating C type support dispatch for ROS interfaces[0m
[1.865s] [ 28%] [34m[1mGenerating C type support for eProsima Fast-RTPS[0m
[1.865s] [ 28%] [34m[1mGenerating C introspection for ROS interfaces[0m
[1.957s] [ 30%] [32mBuilding CXX object CMakeFiles/yolov8_msgs__rosidl_typesupport_cpp.dir/rosidl_typesupport_cpp/yolov8_msgs/msg/inference_result__type_support.cpp.o[0m
[1.960s] [ 33%] [32mBuilding CXX object CMakeFiles/yolov8_msgs__rosidl_typesupport_cpp.dir/rosidl_typesupport_cpp/yolov8_msgs/msg/yolov8_inference__type_support.cpp.o[0m
[1.970s] [ 35%] [32mBuilding CXX object CMakeFiles/yolov8_msgs__rosidl_typesupport_introspection_cpp.dir/rosidl_typesupport_introspection_cpp/yolov8_msgs/msg/detail/yolov8_inference__type_support.cpp.o[0m
[1.972s] [ 38%] [32mBuilding CXX object CMakeFiles/yolov8_msgs__rosidl_typesupport_introspection_cpp.dir/rosidl_typesupport_introspection_cpp/yolov8_msgs/msg/detail/inference_result__type_support.cpp.o[0m
[1.986s] [ 41%] [32mBuilding CXX object CMakeFiles/yolov8_msgs__rosidl_typesupport_fastrtps_cpp.dir/rosidl_typesupport_fastrtps_cpp/yolov8_msgs/msg/detail/dds_fastrtps/yolov8_inference__type_support.cpp.o[0m
[1.986s] [ 43%] [32mBuilding CXX object CMakeFiles/yolov8_msgs__rosidl_typesupport_fastrtps_cpp.dir/rosidl_typesupport_fastrtps_cpp/yolov8_msgs/msg/detail/dds_fastrtps/inference_result__type_support.cpp.o[0m
[2.053s] [ 46%] [32mBuilding CXX object CMakeFiles/yolov8_msgs__rosidl_typesupport_c.dir/rosidl_typesupport_c/yolov8_msgs/msg/inference_result__type_support.cpp.o[0m
[2.053s] [ 48%] [32mBuilding CXX object CMakeFiles/yolov8_msgs__rosidl_typesupport_c.dir/rosidl_typesupport_c/yolov8_msgs/msg/yolov8_inference__type_support.cpp.o[0m
[2.083s] [ 51%] [32mBuilding CXX object CMakeFiles/yolov8_msgs__rosidl_typesupport_fastrtps_c.dir/rosidl_typesupport_fastrtps_c/yolov8_msgs/msg/detail/inference_result__type_support_c.cpp.o[0m
[2.083s] [ 53%] [32mBuilding CXX object CMakeFiles/yolov8_msgs__rosidl_typesupport_fastrtps_c.dir/rosidl_typesupport_fastrtps_c/yolov8_msgs/msg/detail/yolov8_inference__type_support_c.cpp.o[0m
[2.093s] [ 56%] [32m[1mLinking CXX shared library libyolov8_msgs__rosidl_typesupport_c.so[0m
[2.097s] [ 58%] [32mBuilding C object CMakeFiles/yolov8_msgs__rosidl_typesupport_introspection_c.dir/rosidl_typesupport_introspection_c/yolov8_msgs/msg/detail/yolov8_inference__type_support.c.o[0m
[2.098s] [ 61%] [32mBuilding C object CMakeFiles/yolov8_msgs__rosidl_typesupport_introspection_c.dir/rosidl_typesupport_introspection_c/yolov8_msgs/msg/detail/inference_result__type_support.c.o[0m
[2.148s] [ 61%] Built target yolov8_msgs__rosidl_typesupport_c
[2.158s] [ 64%] [32m[1mLinking C shared library libyolov8_msgs__rosidl_typesupport_introspection_c.so[0m
[2.195s] [ 64%] Built target yolov8_msgs__rosidl_typesupport_introspection_c
[2.234s] [ 66%] [32m[1mLinking CXX shared library libyolov8_msgs__rosidl_typesupport_cpp.so[0m
[2.271s] [ 66%] Built target yolov8_msgs__rosidl_typesupport_cpp
[2.330s] [ 69%] [32m[1mLinking CXX shared library libyolov8_msgs__rosidl_typesupport_fastrtps_cpp.so[0m
[2.341s] [ 71%] [32m[1mLinking CXX shared library libyolov8_msgs__rosidl_typesupport_introspection_cpp.so[0m
[2.382s] [ 74%] [32m[1mLinking CXX shared library libyolov8_msgs__rosidl_typesupport_fastrtps_c.so[0m
[2.387s] [ 74%] Built target yolov8_msgs__rosidl_typesupport_fastrtps_cpp
[2.396s] [ 74%] Built target yolov8_msgs__rosidl_typesupport_introspection_cpp
[2.433s] [ 74%] Built target yolov8_msgs__rosidl_typesupport_fastrtps_c
[2.451s] [ 74%] Built target yolov8_msgs
[2.478s] [ 76%] [34m[1mGenerating Python code for ROS interfaces[0m
[2.694s] [ 76%] Built target yolov8_msgs__py
[2.711s] [ 82%] [32mBuilding C object CMakeFiles/yolov8_msgs__rosidl_generator_py.dir/rosidl_generator_py/yolov8_msgs/msg/_inference_result_s.c.o[0m
[2.711s] [ 82%] [32mBuilding C object CMakeFiles/yolov8_msgs__rosidl_generator_py.dir/rosidl_generator_py/yolov8_msgs/msg/_yolov8_inference_s.c.o[0m
[2.787s] [ 84%] [32m[1mLinking C shared library rosidl_generator_py/yolov8_msgs/libyolov8_msgs__rosidl_generator_py.so[0m
[2.818s] [ 84%] Built target yolov8_msgs__rosidl_generator_py
[2.835s] [ 92%] [32mBuilding C object CMakeFiles/yolov8_msgs__rosidl_typesupport_introspection_c__pyext.dir/rosidl_generator_py/yolov8_msgs/_yolov8_msgs_s.ep.rosidl_typesupport_introspection_c.c.o[0m
[2.835s] [ 92%] [32mBuilding C object CMakeFiles/yolov8_msgs__rosidl_typesupport_fastrtps_c__pyext.dir/rosidl_generator_py/yolov8_msgs/_yolov8_msgs_s.ep.rosidl_typesupport_fastrtps_c.c.o[0m
[2.836s] [ 92%] [32mBuilding C object CMakeFiles/yolov8_msgs__rosidl_typesupport_c__pyext.dir/rosidl_generator_py/yolov8_msgs/_yolov8_msgs_s.ep.rosidl_typesupport_c.c.o[0m
[2.899s] [100%] [32m[1mLinking C shared library rosidl_generator_py/yolov8_msgs/yolov8_msgs_s__rosidl_typesupport_fastrtps_c.cpython-310-x86_64-linux-gnu.so[0m
[2.899s] [100%] [32m[1mLinking C shared library rosidl_generator_py/yolov8_msgs/yolov8_msgs_s__rosidl_typesupport_introspection_c.cpython-310-x86_64-linux-gnu.so[0m
[2.899s] [100%] [32m[1mLinking C shared library rosidl_generator_py/yolov8_msgs/yolov8_msgs_s__rosidl_typesupport_c.cpython-310-x86_64-linux-gnu.so[0m
[2.928s] [100%] Built target yolov8_msgs__rosidl_typesupport_fastrtps_c__pyext
[2.928s] [100%] Built target yolov8_msgs__rosidl_typesupport_introspection_c__pyext
[2.928s] [100%] Built target yolov8_msgs__rosidl_typesupport_c__pyext
[2.937s] Invoked command in '/home/rozy/yolobot/build/yolov8_msgs' returned '0': CMAKE_PREFIX_PATH=${CMAKE_PREFIX_PATH}:/home/rozy/eyantra_ws/install/ur5_control:/home/rozy/ws_moveit2/install/moveit_configs_utils:/home/rozy/ws_moveit2/install/launch_param_builder:/home/rozy/ros2_ws/install/turtlesim_catch_them_all:/home/rozy/ros2_ws/install/my_py_pkg:/opt/ros/humble /usr/bin/cmake --build /home/rozy/yolobot/build/yolov8_msgs -- -j12 -l12
[2.938s] Invoking command in '/home/rozy/yolobot/build/yolov8_msgs': CMAKE_PREFIX_PATH=${CMAKE_PREFIX_PATH}:/home/rozy/eyantra_ws/install/ur5_control:/home/rozy/ws_moveit2/install/moveit_configs_utils:/home/rozy/ws_moveit2/install/launch_param_builder:/home/rozy/ros2_ws/install/turtlesim_catch_them_all:/home/rozy/ros2_ws/install/my_py_pkg:/opt/ros/humble /usr/bin/cmake --install /home/rozy/yolobot/build/yolov8_msgs
[2.944s] -- Install configuration: ""
[2.944s] -- Installing: /home/rozy/yolobot/install/yolov8_msgs/share/ament_index/resource_index/rosidl_interfaces/yolov8_msgs
[2.944s] -- Installing: /home/rozy/yolobot/install/yolov8_msgs/include/yolov8_msgs/yolov8_msgs
[2.944s] -- Installing: /home/rozy/yolobot/install/yolov8_msgs/include/yolov8_msgs/yolov8_msgs/msg
[2.944s] -- Installing: /home/rozy/yolobot/install/yolov8_msgs/include/yolov8_msgs/yolov8_msgs/msg/rosidl_generator_c__visibility_control.h
[2.944s] -- Installing: /home/rozy/yolobot/install/yolov8_msgs/include/yolov8_msgs/yolov8_msgs/msg/yolov8_inference.h
[2.944s] -- Installing: /home/rozy/yolobot/install/yolov8_msgs/include/yolov8_msgs/yolov8_msgs/msg/detail
[2.944s] -- Installing: /home/rozy/yolobot/install/yolov8_msgs/include/yolov8_msgs/yolov8_msgs/msg/detail/inference_result__functions.h
[2.944s] -- Installing: /home/rozy/yolobot/install/yolov8_msgs/include/yolov8_msgs/yolov8_msgs/msg/detail/yolov8_inference__functions.c
[2.944s] -- Installing: /home/rozy/yolobot/install/yolov8_msgs/include/yolov8_msgs/yolov8_msgs/msg/detail/inference_result__type_support.h
[2.944s] -- Installing: /home/rozy/yolobot/install/yolov8_msgs/include/yolov8_msgs/yolov8_msgs/msg/detail/inference_result__struct.h
[2.944s] -- Installing: /home/rozy/yolobot/install/yolov8_msgs/include/yolov8_msgs/yolov8_msgs/msg/detail/yolov8_inference__functions.h
[2.944s] -- Installing: /home/rozy/yolobot/install/yolov8_msgs/include/yolov8_msgs/yolov8_msgs/msg/detail/inference_result__functions.c
[2.944s] -- Installing: /home/rozy/yolobot/install/yolov8_msgs/include/yolov8_msgs/yolov8_msgs/msg/detail/yolov8_inference__type_support.h
[2.944s] -- Installing: /home/rozy/yolobot/install/yolov8_msgs/include/yolov8_msgs/yolov8_msgs/msg/detail/yolov8_inference__struct.h
[2.945s] -- Installing: /home/rozy/yolobot/install/yolov8_msgs/include/yolov8_msgs/yolov8_msgs/msg/inference_result.h
[2.945s] -- Installing: /home/rozy/yolobot/install/yolov8_msgs/share/yolov8_msgs/environment/library_path.sh
[2.945s] -- Installing: /home/rozy/yolobot/install/yolov8_msgs/share/yolov8_msgs/environment/library_path.dsv
[2.945s] -- Installing: /home/rozy/yolobot/install/yolov8_msgs/lib/libyolov8_msgs__rosidl_generator_c.so
[2.945s] -- Set runtime path of "/home/rozy/yolobot/install/yolov8_msgs/lib/libyolov8_msgs__rosidl_generator_c.so" to ""
[2.945s] -- Up-to-date: /home/rozy/yolobot/install/yolov8_msgs/include/yolov8_msgs/yolov8_msgs
[2.945s] -- Up-to-date: /home/rozy/yolobot/install/yolov8_msgs/include/yolov8_msgs/yolov8_msgs/msg
[2.945s] -- Up-to-date: /home/rozy/yolobot/install/yolov8_msgs/include/yolov8_msgs/yolov8_msgs/msg/detail
[2.945s] -- Installing: /home/rozy/yolobot/install/yolov8_msgs/include/yolov8_msgs/yolov8_msgs/msg/detail/yolov8_inference__rosidl_typesupport_fastrtps_c.h
[2.945s] -- Installing: /home/rozy/yolobot/install/yolov8_msgs/include/yolov8_msgs/yolov8_msgs/msg/detail/inference_result__rosidl_typesupport_fastrtps_c.h
[2.945s] -- Installing: /home/rozy/yolobot/install/yolov8_msgs/include/yolov8_msgs/yolov8_msgs/msg/rosidl_typesupport_fastrtps_c__visibility_control.h
[2.945s] -- Installing: /home/rozy/yolobot/install/yolov8_msgs/lib/libyolov8_msgs__rosidl_typesupport_fastrtps_c.so
[2.945s] -- Set runtime path of "/home/rozy/yolobot/install/yolov8_msgs/lib/libyolov8_msgs__rosidl_typesupport_fastrtps_c.so" to ""
[2.945s] -- Up-to-date: /home/rozy/yolobot/install/yolov8_msgs/include/yolov8_msgs/yolov8_msgs
[2.945s] -- Up-to-date: /home/rozy/yolobot/install/yolov8_msgs/include/yolov8_msgs/yolov8_msgs/msg
[2.945s] -- Up-to-date: /home/rozy/yolobot/install/yolov8_msgs/include/yolov8_msgs/yolov8_msgs/msg/detail
[2.945s] -- Installing: /home/rozy/yolobot/install/yolov8_msgs/include/yolov8_msgs/yolov8_msgs/msg/detail/inference_result__type_support.hpp
[2.945s] -- Installing: /home/rozy/yolobot/install/yolov8_msgs/include/yolov8_msgs/yolov8_msgs/msg/detail/inference_result__builder.hpp
[2.945s] -- Installing: /home/rozy/yolobot/install/yolov8_msgs/include/yolov8_msgs/yolov8_msgs/msg/detail/inference_result__traits.hpp
[2.946s] -- Installing: /home/rozy/yolobot/install/yolov8_msgs/include/yolov8_msgs/yolov8_msgs/msg/detail/yolov8_inference__traits.hpp
[2.946s] -- Installing: /home/rozy/yolobot/install/yolov8_msgs/include/yolov8_msgs/yolov8_msgs/msg/detail/yolov8_inference__struct.hpp
[2.946s] -- Installing: /home/rozy/yolobot/install/yolov8_msgs/include/yolov8_msgs/yolov8_msgs/msg/detail/yolov8_inference__builder.hpp
[2.946s] -- Installing: /home/rozy/yolobot/install/yolov8_msgs/include/yolov8_msgs/yolov8_msgs/msg/detail/inference_result__struct.hpp
[2.946s] -- Installing: /home/rozy/yolobot/install/yolov8_msgs/include/yolov8_msgs/yolov8_msgs/msg/detail/yolov8_inference__type_support.hpp
[2.946s] -- Installing: /home/rozy/yolobot/install/yolov8_msgs/include/yolov8_msgs/yolov8_msgs/msg/yolov8_inference.hpp
[2.946s] -- Installing: /home/rozy/yolobot/install/yolov8_msgs/include/yolov8_msgs/yolov8_msgs/msg/inference_result.hpp
[2.946s] -- Installing: /home/rozy/yolobot/install/yolov8_msgs/include/yolov8_msgs/yolov8_msgs/msg/rosidl_generator_cpp__visibility_control.hpp
[2.946s] -- Up-to-date: /home/rozy/yolobot/install/yolov8_msgs/include/yolov8_msgs/yolov8_msgs
[2.946s] -- Up-to-date: /home/rozy/yolobot/install/yolov8_msgs/include/yolov8_msgs/yolov8_msgs/msg
[2.946s] -- Up-to-date: /home/rozy/yolobot/install/yolov8_msgs/include/yolov8_msgs/yolov8_msgs/msg/detail
[2.946s] -- Installing: /home/rozy/yolobot/install/yolov8_msgs/include/yolov8_msgs/yolov8_msgs/msg/detail/yolov8_inference__rosidl_typesupport_fastrtps_cpp.hpp
[2.946s] -- Installing: /home/rozy/yolobot/install/yolov8_msgs/include/yolov8_msgs/yolov8_msgs/msg/detail/inference_result__rosidl_typesupport_fastrtps_cpp.hpp
[2.946s] -- Installing: /home/rozy/yolobot/install/yolov8_msgs/include/yolov8_msgs/yolov8_msgs/msg/detail/dds_fastrtps
[2.946s] -- Installing: /home/rozy/yolobot/install/yolov8_msgs/include/yolov8_msgs/yolov8_msgs/msg/rosidl_typesupport_fastrtps_cpp__visibility_control.h
[2.946s] -- Installing: /home/rozy/yolobot/install/yolov8_msgs/lib/libyolov8_msgs__rosidl_typesupport_fastrtps_cpp.so
[2.946s] -- Set runtime path of "/home/rozy/yolobot/install/yolov8_msgs/lib/libyolov8_msgs__rosidl_typesupport_fastrtps_cpp.so" to ""
[2.946s] -- Up-to-date: /home/rozy/yolobot/install/yolov8_msgs/include/yolov8_msgs/yolov8_msgs
[2.946s] -- Up-to-date: /home/rozy/yolobot/install/yolov8_msgs/include/yolov8_msgs/yolov8_msgs/msg
[2.946s] -- Up-to-date: /home/rozy/yolobot/install/yolov8_msgs/include/yolov8_msgs/yolov8_msgs/msg/detail
[2.946s] -- Installing: /home/rozy/yolobot/install/yolov8_msgs/include/yolov8_msgs/yolov8_msgs/msg/detail/yolov8_inference__rosidl_typesupport_introspection_c.h
[2.946s] -- Installing: /home/rozy/yolobot/install/yolov8_msgs/include/yolov8_msgs/yolov8_msgs/msg/detail/inference_result__rosidl_typesupport_introspection_c.h
[2.946s] -- Installing: /home/rozy/yolobot/install/yolov8_msgs/include/yolov8_msgs/yolov8_msgs/msg/detail/yolov8_inference__type_support.c
[2.946s] -- Installing: /home/rozy/yolobot/install/yolov8_msgs/include/yolov8_msgs/yolov8_msgs/msg/detail/inference_result__type_support.c
[2.946s] -- Installing: /home/rozy/yolobot/install/yolov8_msgs/include/yolov8_msgs/yolov8_msgs/msg/rosidl_typesupport_introspection_c__visibility_control.h
[2.947s] -- Installing: /home/rozy/yolobot/install/yolov8_msgs/lib/libyolov8_msgs__rosidl_typesupport_introspection_c.so
[2.947s] -- Set runtime path of "/home/rozy/yolobot/install/yolov8_msgs/lib/libyolov8_msgs__rosidl_typesupport_introspection_c.so" to ""
[2.947s] -- Installing: /home/rozy/yolobot/install/yolov8_msgs/lib/libyolov8_msgs__rosidl_typesupport_c.so
[2.947s] -- Set runtime path of "/home/rozy/yolobot/install/yolov8_msgs/lib/libyolov8_msgs__rosidl_typesupport_c.so" to ""
[2.947s] -- Up-to-date: /home/rozy/yolobot/install/yolov8_msgs/include/yolov8_msgs/yolov8_msgs
[2.947s] -- Up-to-date: /home/rozy/yolobot/install/yolov8_msgs/include/yolov8_msgs/yolov8_msgs/msg
[2.947s] -- Up-to-date: /home/rozy/yolobot/install/yolov8_msgs/include/yolov8_msgs/yolov8_msgs/msg/detail
[2.947s] -- Installing: /home/rozy/yolobot/install/yolov8_msgs/include/yolov8_msgs/yolov8_msgs/msg/detail/yolov8_inference__type_support.cpp
[2.947s] -- Installing: /home/rozy/yolobot/install/yolov8_msgs/include/yolov8_msgs/yolov8_msgs/msg/detail/inference_result__type_support.cpp
[2.947s] -- Installing: /home/rozy/yolobot/install/yolov8_msgs/include/yolov8_msgs/yolov8_msgs/msg/detail/inference_result__rosidl_typesupport_introspection_cpp.hpp
[2.947s] -- Installing: /home/rozy/yolobot/install/yolov8_msgs/include/yolov8_msgs/yolov8_msgs/msg/detail/yolov8_inference__rosidl_typesupport_introspection_cpp.hpp
[2.947s] -- Installing: /home/rozy/yolobot/install/yolov8_msgs/lib/libyolov8_msgs__rosidl_typesupport_introspection_cpp.so
[2.947s] -- Set runtime path of "/home/rozy/yolobot/install/yolov8_msgs/lib/libyolov8_msgs__rosidl_typesupport_introspection_cpp.so" to ""
[2.947s] -- Installing: /home/rozy/yolobot/install/yolov8_msgs/lib/libyolov8_msgs__rosidl_typesupport_cpp.so
[2.947s] -- Set runtime path of "/home/rozy/yolobot/install/yolov8_msgs/lib/libyolov8_msgs__rosidl_typesupport_cpp.so" to ""
[2.947s] -- Installing: /home/rozy/yolobot/install/yolov8_msgs/share/yolov8_msgs/environment/pythonpath.sh
[2.947s] -- Installing: /home/rozy/yolobot/install/yolov8_msgs/share/yolov8_msgs/environment/pythonpath.dsv
[2.947s] -- Installing: /home/rozy/yolobot/install/yolov8_msgs/local/lib/python3.10/dist-packages/yolov8_msgs-0.0.0-py3.10.egg-info
[2.947s] -- Installing: /home/rozy/yolobot/install/yolov8_msgs/local/lib/python3.10/dist-packages/yolov8_msgs-0.0.0-py3.10.egg-info/SOURCES.txt
[2.947s] -- Installing: /home/rozy/yolobot/install/yolov8_msgs/local/lib/python3.10/dist-packages/yolov8_msgs-0.0.0-py3.10.egg-info/top_level.txt
[2.947s] -- Installing: /home/rozy/yolobot/install/yolov8_msgs/local/lib/python3.10/dist-packages/yolov8_msgs-0.0.0-py3.10.egg-info/PKG-INFO
[2.947s] -- Installing: /home/rozy/yolobot/install/yolov8_msgs/local/lib/python3.10/dist-packages/yolov8_msgs-0.0.0-py3.10.egg-info/dependency_links.txt
[2.948s] -- Installing: /home/rozy/yolobot/install/yolov8_msgs/local/lib/python3.10/dist-packages/yolov8_msgs
[2.948s] -- Installing: /home/rozy/yolobot/install/yolov8_msgs/local/lib/python3.10/dist-packages/yolov8_msgs/_yolov8_msgs_s.ep.rosidl_typesupport_c.c
[2.948s] -- Installing: /home/rozy/yolobot/install/yolov8_msgs/local/lib/python3.10/dist-packages/yolov8_msgs/__init__.py
[2.948s] -- Installing: /home/rozy/yolobot/install/yolov8_msgs/local/lib/python3.10/dist-packages/yolov8_msgs/_yolov8_msgs_s.ep.rosidl_typesupport_fastrtps_c.c
[2.948s] -- Installing: /home/rozy/yolobot/install/yolov8_msgs/local/lib/python3.10/dist-packages/yolov8_msgs/msg
[2.948s] -- Installing: /home/rozy/yolobot/install/yolov8_msgs/local/lib/python3.10/dist-packages/yolov8_msgs/msg/__init__.py
[2.948s] -- Installing: /home/rozy/yolobot/install/yolov8_msgs/local/lib/python3.10/dist-packages/yolov8_msgs/msg/_yolov8_inference.py
[2.948s] -- Installing: /home/rozy/yolobot/install/yolov8_msgs/local/lib/python3.10/dist-packages/yolov8_msgs/msg/_yolov8_inference_s.c
[2.948s] -- Installing: /home/rozy/yolobot/install/yolov8_msgs/local/lib/python3.10/dist-packages/yolov8_msgs/msg/_inference_result.py
[2.948s] -- Installing: /home/rozy/yolobot/install/yolov8_msgs/local/lib/python3.10/dist-packages/yolov8_msgs/msg/_inference_result_s.c
[2.948s] -- Installing: /home/rozy/yolobot/install/yolov8_msgs/local/lib/python3.10/dist-packages/yolov8_msgs/libyolov8_msgs__rosidl_generator_py.so
[2.948s] -- Installing: /home/rozy/yolobot/install/yolov8_msgs/local/lib/python3.10/dist-packages/yolov8_msgs/_yolov8_msgs_s.ep.rosidl_typesupport_introspection_c.c
[2.948s] -- Installing: /home/rozy/yolobot/install/yolov8_msgs/local/lib/python3.10/dist-packages/yolov8_msgs/yolov8_msgs_s__rosidl_typesupport_introspection_c.cpython-310-x86_64-linux-gnu.so
[2.948s] -- Installing: /home/rozy/yolobot/install/yolov8_msgs/local/lib/python3.10/dist-packages/yolov8_msgs/yolov8_msgs_s__rosidl_typesupport_c.cpython-310-x86_64-linux-gnu.so
[2.948s] -- Installing: /home/rozy/yolobot/install/yolov8_msgs/local/lib/python3.10/dist-packages/yolov8_msgs/yolov8_msgs_s__rosidl_typesupport_fastrtps_c.cpython-310-x86_64-linux-gnu.so
[2.975s] Listing '/home/rozy/yolobot/install/yolov8_msgs/local/lib/python3.10/dist-packages/yolov8_msgs'...
[2.975s] Compiling '/home/rozy/yolobot/install/yolov8_msgs/local/lib/python3.10/dist-packages/yolov8_msgs/__init__.py'...
[2.975s] Listing '/home/rozy/yolobot/install/yolov8_msgs/local/lib/python3.10/dist-packages/yolov8_msgs/msg'...
[2.975s] Compiling '/home/rozy/yolobot/install/yolov8_msgs/local/lib/python3.10/dist-packages/yolov8_msgs/msg/__init__.py'...
[2.975s] Compiling '/home/rozy/yolobot/install/yolov8_msgs/local/lib/python3.10/dist-packages/yolov8_msgs/msg/_inference_result.py'...
[2.975s] Compiling '/home/rozy/yolobot/install/yolov8_msgs/local/lib/python3.10/dist-packages/yolov8_msgs/msg/_yolov8_inference.py'...
[2.978s] -- Installing: /home/rozy/yolobot/install/yolov8_msgs/local/lib/python3.10/dist-packages/yolov8_msgs/yolov8_msgs_s__rosidl_typesupport_fastrtps_c.cpython-310-x86_64-linux-gnu.so
[2.978s] -- Set runtime path of "/home/rozy/yolobot/install/yolov8_msgs/local/lib/python3.10/dist-packages/yolov8_msgs/yolov8_msgs_s__rosidl_typesupport_fastrtps_c.cpython-310-x86_64-linux-gnu.so" to ""
[2.978s] -- Installing: /home/rozy/yolobot/install/yolov8_msgs/local/lib/python3.10/dist-packages/yolov8_msgs/yolov8_msgs_s__rosidl_typesupport_introspection_c.cpython-310-x86_64-linux-gnu.so
[2.978s] -- Set runtime path of "/home/rozy/yolobot/install/yolov8_msgs/local/lib/python3.10/dist-packages/yolov8_msgs/yolov8_msgs_s__rosidl_typesupport_introspection_c.cpython-310-x86_64-linux-gnu.so" to ""
[2.978s] -- Installing: /home/rozy/yolobot/install/yolov8_msgs/local/lib/python3.10/dist-packages/yolov8_msgs/yolov8_msgs_s__rosidl_typesupport_c.cpython-310-x86_64-linux-gnu.so
[2.979s] -- Set runtime path of "/home/rozy/yolobot/install/yolov8_msgs/local/lib/python3.10/dist-packages/yolov8_msgs/yolov8_msgs_s__rosidl_typesupport_c.cpython-310-x86_64-linux-gnu.so" to ""
[2.979s] -- Installing: /home/rozy/yolobot/install/yolov8_msgs/lib/libyolov8_msgs__rosidl_generator_py.so
[2.979s] -- Set runtime path of "/home/rozy/yolobot/install/yolov8_msgs/lib/libyolov8_msgs__rosidl_generator_py.so" to ""
[2.979s] -- Installing: /home/rozy/yolobot/install/yolov8_msgs/share/yolov8_msgs/msg/InferenceResult.idl
[2.979s] -- Installing: /home/rozy/yolobot/install/yolov8_msgs/share/yolov8_msgs/msg/Yolov8Inference.idl
[2.979s] -- Installing: /home/rozy/yolobot/install/yolov8_msgs/share/yolov8_msgs/msg/InferenceResult.msg
[2.979s] -- Installing: /home/rozy/yolobot/install/yolov8_msgs/share/yolov8_msgs/msg/Yolov8Inference.msg
[2.979s] -- Installing: /home/rozy/yolobot/install/yolov8_msgs/share/ament_index/resource_index/package_run_dependencies/yolov8_msgs
[2.979s] -- Installing: /home/rozy/yolobot/install/yolov8_msgs/share/ament_index/resource_index/parent_prefix_path/yolov8_msgs
[2.979s] -- Installing: /home/rozy/yolobot/install/yolov8_msgs/share/yolov8_msgs/environment/ament_prefix_path.sh
[2.979s] -- Installing: /home/rozy/yolobot/install/yolov8_msgs/share/yolov8_msgs/environment/ament_prefix_path.dsv
[2.979s] -- Installing: /home/rozy/yolobot/install/yolov8_msgs/share/yolov8_msgs/environment/path.sh
[2.979s] -- Installing: /home/rozy/yolobot/install/yolov8_msgs/share/yolov8_msgs/environment/path.dsv
[2.979s] -- Installing: /home/rozy/yolobot/install/yolov8_msgs/share/yolov8_msgs/local_setup.bash
[2.979s] -- Installing: /home/rozy/yolobot/install/yolov8_msgs/share/yolov8_msgs/local_setup.sh
[2.979s] -- Installing: /home/rozy/yolobot/install/yolov8_msgs/share/yolov8_msgs/local_setup.zsh
[2.979s] -- Installing: /home/rozy/yolobot/install/yolov8_msgs/share/yolov8_msgs/local_setup.dsv
[2.980s] -- Installing: /home/rozy/yolobot/install/yolov8_msgs/share/yolov8_msgs/package.dsv
[2.980s] -- Installing: /home/rozy/yolobot/install/yolov8_msgs/share/ament_index/resource_index/packages/yolov8_msgs
[2.980s] -- Installing: /home/rozy/yolobot/install/yolov8_msgs/share/yolov8_msgs/cmake/export_yolov8_msgs__rosidl_generator_cExport.cmake
[2.980s] -- Installing: /home/rozy/yolobot/install/yolov8_msgs/share/yolov8_msgs/cmake/export_yolov8_msgs__rosidl_generator_cExport-noconfig.cmake
[2.980s] -- Installing: /home/rozy/yolobot/install/yolov8_msgs/share/yolov8_msgs/cmake/export_yolov8_msgs__rosidl_typesupport_fastrtps_cExport.cmake
[2.980s] -- Installing: /home/rozy/yolobot/install/yolov8_msgs/share/yolov8_msgs/cmake/export_yolov8_msgs__rosidl_typesupport_fastrtps_cExport-noconfig.cmake
[2.980s] -- Installing: /home/rozy/yolobot/install/yolov8_msgs/share/yolov8_msgs/cmake/export_yolov8_msgs__rosidl_generator_cppExport.cmake
[2.980s] -- Installing: /home/rozy/yolobot/install/yolov8_msgs/share/yolov8_msgs/cmake/export_yolov8_msgs__rosidl_typesupport_fastrtps_cppExport.cmake
[2.980s] -- Installing: /home/rozy/yolobot/install/yolov8_msgs/share/yolov8_msgs/cmake/export_yolov8_msgs__rosidl_typesupport_fastrtps_cppExport-noconfig.cmake
[2.980s] -- Installing: /home/rozy/yolobot/install/yolov8_msgs/share/yolov8_msgs/cmake/yolov8_msgs__rosidl_typesupport_introspection_cExport.cmake
[2.980s] -- Installing: /home/rozy/yolobot/install/yolov8_msgs/share/yolov8_msgs/cmake/yolov8_msgs__rosidl_typesupport_introspection_cExport-noconfig.cmake
[2.980s] -- Installing: /home/rozy/yolobot/install/yolov8_msgs/share/yolov8_msgs/cmake/yolov8_msgs__rosidl_typesupport_cExport.cmake
[2.980s] -- Installing: /home/rozy/yolobot/install/yolov8_msgs/share/yolov8_msgs/cmake/yolov8_msgs__rosidl_typesupport_cExport-noconfig.cmake
[2.980s] -- Installing: /home/rozy/yolobot/install/yolov8_msgs/share/yolov8_msgs/cmake/yolov8_msgs__rosidl_typesupport_introspection_cppExport.cmake
[2.980s] -- Installing: /home/rozy/yolobot/install/yolov8_msgs/share/yolov8_msgs/cmake/yolov8_msgs__rosidl_typesupport_introspection_cppExport-noconfig.cmake
[2.980s] -- Installing: /home/rozy/yolobot/install/yolov8_msgs/share/yolov8_msgs/cmake/yolov8_msgs__rosidl_typesupport_cppExport.cmake
[2.980s] -- Installing: /home/rozy/yolobot/install/yolov8_msgs/share/yolov8_msgs/cmake/yolov8_msgs__rosidl_typesupport_cppExport-noconfig.cmake
[2.980s] -- Installing: /home/rozy/yolobot/install/yolov8_msgs/share/yolov8_msgs/cmake/export_yolov8_msgs__rosidl_generator_pyExport.cmake
[2.980s] -- Installing: /home/rozy/yolobot/install/yolov8_msgs/share/yolov8_msgs/cmake/export_yolov8_msgs__rosidl_generator_pyExport-noconfig.cmake
[2.980s] -- Installing: /home/rozy/yolobot/install/yolov8_msgs/share/yolov8_msgs/cmake/rosidl_cmake-extras.cmake
[2.981s] -- Installing: /home/rozy/yolobot/install/yolov8_msgs/share/yolov8_msgs/cmake/ament_cmake_export_dependencies-extras.cmake
[2.981s] -- Installing: /home/rozy/yolobot/install/yolov8_msgs/share/yolov8_msgs/cmake/ament_cmake_export_include_directories-extras.cmake
[2.981s] -- Installing: /home/rozy/yolobot/install/yolov8_msgs/share/yolov8_msgs/cmake/ament_cmake_export_libraries-extras.cmake
[2.981s] -- Installing: /home/rozy/yolobot/install/yolov8_msgs/share/yolov8_msgs/cmake/ament_cmake_export_targets-extras.cmake
[2.981s] -- Installing: /home/rozy/yolobot/install/yolov8_msgs/share/yolov8_msgs/cmake/rosidl_cmake_export_typesupport_targets-extras.cmake
[2.981s] -- Installing: /home/rozy/yolobot/install/yolov8_msgs/share/yolov8_msgs/cmake/rosidl_cmake_export_typesupport_libraries-extras.cmake
[2.981s] -- Installing: /home/rozy/yolobot/install/yolov8_msgs/share/yolov8_msgs/cmake/yolov8_msgsConfig.cmake
[2.981s] -- Installing: /home/rozy/yolobot/install/yolov8_msgs/share/yolov8_msgs/cmake/yolov8_msgsConfig-version.cmake
[2.981s] -- Installing: /home/rozy/yolobot/install/yolov8_msgs/share/yolov8_msgs/package.xml
[2.983s] Invoked command in '/home/rozy/yolobot/build/yolov8_msgs' returned '0': CMAKE_PREFIX_PATH=${CMAKE_PREFIX_PATH}:/home/rozy/eyantra_ws/install/ur5_control:/home/rozy/ws_moveit2/install/moveit_configs_utils:/home/rozy/ws_moveit2/install/launch_param_builder:/home/rozy/ros2_ws/install/turtlesim_catch_them_all:/home/rozy/ros2_ws/install/my_py_pkg:/opt/ros/humble /usr/bin/cmake --install /home/rozy/yolobot/build/yolov8_msgs
