[0.020s] Invoking command in '/home/rozy/yolobot/build/yolobot_gazebo': CMAKE_PREFIX_PATH=${CMAKE_PREFIX_PATH}:/home/rozy/eyantra_ws/install/ur5_control:/home/rozy/ws_moveit2/install/moveit_configs_utils:/home/rozy/ws_moveit2/install/launch_param_builder:/home/rozy/ros2_ws/install/turtlesim_catch_them_all:/home/rozy/ros2_ws/install/my_py_pkg:/opt/ros/humble /usr/bin/cmake /home/rozy/yolobot/src/yolobot_gazebo -DCMAKE_INSTALL_PREFIX=/home/rozy/yolobot/install/yolobot_gazebo
[0.114s] -- The C compiler identification is GNU 11.4.0
[0.212s] -- The CXX compiler identification is GNU 11.4.0
[0.219s] -- Detecting C compiler ABI info
[0.281s] -- Detecting C compiler ABI info - done
[0.288s] -- Check for working C compiler: /usr/bin/cc - skipped
[0.288s] -- Detecting C compile features
[0.289s] -- Detecting C compile features - done
[0.291s] -- Detecting CXX compiler ABI info
[0.355s] -- Detecting CXX compiler ABI info - done
[0.360s] -- Check for working CXX compiler: /usr/bin/c++ - skipped
[0.360s] -- Detecting CXX compile features
[0.360s] -- Detecting CXX compile features - done
[0.365s] -- Found ament_cmake: 1.3.11 (/opt/ros/humble/share/ament_cmake/cmake)
[0.495s] -- Found Python3: /usr/bin/python3 (found version "3.10.12") found components: Interpreter 
[0.616s] -- Found rclpy: 3.3.15 (/opt/ros/humble/share/rclpy/cmake)
[0.620s] -- Found ament_lint_auto: 0.12.11 (/opt/ros/humble/share/ament_lint_auto/cmake)
[0.707s] -- Added test 'copyright' to check source files copyright and LICENSE
[0.709s] -- Added test 'flake8' to check Python code syntax and style conventions
[0.710s] -- Added test 'lint_cmake' to check CMake code style
[0.711s] -- Added test 'pep257' to check Python code against some of the docstring style conventions in PEP 257
[0.712s] -- Added test 'xmllint' to check XML markup files
[0.714s] -- Configuring done
[0.715s] -- Generating done
[0.716s] -- Build files have been written to: /home/rozy/yolobot/build/yolobot_gazebo
[0.719s] Invoked command in '/home/rozy/yolobot/build/yolobot_gazebo' returned '0': CMAKE_PREFIX_PATH=${CMAKE_PREFIX_PATH}:/home/rozy/eyantra_ws/install/ur5_control:/home/rozy/ws_moveit2/install/moveit_configs_utils:/home/rozy/ws_moveit2/install/launch_param_builder:/home/rozy/ros2_ws/install/turtlesim_catch_them_all:/home/rozy/ros2_ws/install/my_py_pkg:/opt/ros/humble /usr/bin/cmake /home/rozy/yolobot/src/yolobot_gazebo -DCMAKE_INSTALL_PREFIX=/home/rozy/yolobot/install/yolobot_gazebo
[0.721s] Invoking command in '/home/rozy/yolobot/build/yolobot_gazebo': CMAKE_PREFIX_PATH=${CMAKE_PREFIX_PATH}:/home/rozy/eyantra_ws/install/ur5_control:/home/rozy/ws_moveit2/install/moveit_configs_utils:/home/rozy/ws_moveit2/install/launch_param_builder:/home/rozy/ros2_ws/install/turtlesim_catch_them_all:/home/rozy/ros2_ws/install/my_py_pkg:/opt/ros/humble /usr/bin/cmake --build /home/rozy/yolobot/build/yolobot_gazebo -- -j12 -l12
[0.753s] Invoked command in '/home/rozy/yolobot/build/yolobot_gazebo' returned '0': CMAKE_PREFIX_PATH=${CMAKE_PREFIX_PATH}:/home/rozy/eyantra_ws/install/ur5_control:/home/rozy/ws_moveit2/install/moveit_configs_utils:/home/rozy/ws_moveit2/install/launch_param_builder:/home/rozy/ros2_ws/install/turtlesim_catch_them_all:/home/rozy/ros2_ws/install/my_py_pkg:/opt/ros/humble /usr/bin/cmake --build /home/rozy/yolobot/build/yolobot_gazebo -- -j12 -l12
[0.761s] Invoking command in '/home/rozy/yolobot/build/yolobot_gazebo': CMAKE_PREFIX_PATH=${CMAKE_PREFIX_PATH}:/home/rozy/eyantra_ws/install/ur5_control:/home/rozy/ws_moveit2/install/moveit_configs_utils:/home/rozy/ws_moveit2/install/launch_param_builder:/home/rozy/ros2_ws/install/turtlesim_catch_them_all:/home/rozy/ros2_ws/install/my_py_pkg:/opt/ros/humble /usr/bin/cmake --install /home/rozy/yolobot/build/yolobot_gazebo
[0.767s] -- Install configuration: ""
[0.767s] -- Installing: /home/rozy/yolobot/install/yolobot_gazebo/share/yolobot_gazebo//launch
[0.767s] -- Installing: /home/rozy/yolobot/install/yolobot_gazebo/share/yolobot_gazebo//launch/start_world_launch.py
[0.768s] -- Installing: /home/rozy/yolobot/install/yolobot_gazebo/share/yolobot_gazebo//launch/yolobot_launch.py
[0.768s] -- Installing: /home/rozy/yolobot/install/yolobot_gazebo/share/yolobot_gazebo//worlds
[0.768s] -- Installing: /home/rozy/yolobot/install/yolobot_gazebo/share/yolobot_gazebo//worlds/yolo_test.world
[0.768s] -- Installing: /home/rozy/yolobot/install/yolobot_gazebo/share/ament_index/resource_index/package_run_dependencies/yolobot_gazebo
[0.768s] -- Installing: /home/rozy/yolobot/install/yolobot_gazebo/share/ament_index/resource_index/parent_prefix_path/yolobot_gazebo
[0.768s] -- Installing: /home/rozy/yolobot/install/yolobot_gazebo/share/yolobot_gazebo/environment/ament_prefix_path.sh
[0.768s] -- Installing: /home/rozy/yolobot/install/yolobot_gazebo/share/yolobot_gazebo/environment/ament_prefix_path.dsv
[0.768s] -- Installing: /home/rozy/yolobot/install/yolobot_gazebo/share/yolobot_gazebo/environment/path.sh
[0.768s] -- Installing: /home/rozy/yolobot/install/yolobot_gazebo/share/yolobot_gazebo/environment/path.dsv
[0.768s] -- Installing: /home/rozy/yolobot/install/yolobot_gazebo/share/yolobot_gazebo/local_setup.bash
[0.768s] -- Installing: /home/rozy/yolobot/install/yolobot_gazebo/share/yolobot_gazebo/local_setup.sh
[0.768s] -- Installing: /home/rozy/yolobot/install/yolobot_gazebo/share/yolobot_gazebo/local_setup.zsh
[0.768s] -- Installing: /home/rozy/yolobot/install/yolobot_gazebo/share/yolobot_gazebo/local_setup.dsv
[0.768s] -- Installing: /home/rozy/yolobot/install/yolobot_gazebo/share/yolobot_gazebo/package.dsv
[0.768s] -- Installing: /home/rozy/yolobot/install/yolobot_gazebo/share/ament_index/resource_index/packages/yolobot_gazebo
[0.768s] -- Installing: /home/rozy/yolobot/install/yolobot_gazebo/share/yolobot_gazebo/cmake/yolobot_gazeboConfig.cmake
[0.768s] -- Installing: /home/rozy/yolobot/install/yolobot_gazebo/share/yolobot_gazebo/cmake/yolobot_gazeboConfig-version.cmake
[0.768s] -- Installing: /home/rozy/yolobot/install/yolobot_gazebo/share/yolobot_gazebo/package.xml
[0.770s] Invoked command in '/home/rozy/yolobot/build/yolobot_gazebo' returned '0': CMAKE_PREFIX_PATH=${CMAKE_PREFIX_PATH}:/home/rozy/eyantra_ws/install/ur5_control:/home/rozy/ws_moveit2/install/moveit_configs_utils:/home/rozy/ws_moveit2/install/launch_param_builder:/home/rozy/ros2_ws/install/turtlesim_catch_them_all:/home/rozy/ros2_ws/install/my_py_pkg:/opt/ros/humble /usr/bin/cmake --install /home/rozy/yolobot/build/yolobot_gazebo
