[0.022s] Invoking command in '/home/rozy/yolobot/build/yolobot_description': CMAKE_PREFIX_PATH=${CMAKE_PREFIX_PATH}:/home/rozy/eyantra_ws/install/ur5_control:/home/rozy/ws_moveit2/install/moveit_configs_utils:/home/rozy/ws_moveit2/install/launch_param_builder:/home/rozy/ros2_ws/install/turtlesim_catch_them_all:/home/rozy/ros2_ws/install/my_py_pkg:/opt/ros/humble /usr/bin/cmake /home/rozy/yolobot/src/yolobot_description -DCMAKE_INSTALL_PREFIX=/home/rozy/yolobot/install/yolobot_description
[0.123s] -- The C compiler identification is GNU 11.4.0
[0.216s] -- The CXX compiler identification is GNU 11.4.0
[0.223s] -- Detecting C compiler ABI info
[0.285s] -- Detecting C compiler ABI info - done
[0.289s] -- Check for working C compiler: /usr/bin/cc - skipped
[0.289s] -- Detecting C compile features
[0.290s] -- Detecting C compile features - done
[0.292s] -- Detecting CXX compiler ABI info
[0.357s] -- Detecting CXX compiler ABI info - done
[0.362s] -- Check for working CXX compiler: /usr/bin/c++ - skipped
[0.362s] -- Detecting CXX compile features
[0.363s] -- Detecting CXX compile features - done
[0.369s] -- Found ament_cmake: 1.3.11 (/opt/ros/humble/share/ament_cmake/cmake)
[0.499s] -- Found Python3: /usr/bin/python3 (found version "3.10.12") found components: Interpreter 
[0.622s] -- Found urdf: 2.6.1 (/opt/ros/humble/share/urdf/cmake)
[0.701s] -- Found ament_lint_auto: 0.12.11 (/opt/ros/humble/share/ament_lint_auto/cmake)
[0.786s] -- Added test 'copyright' to check source files copyright and LICENSE
[0.788s] -- Added test 'flake8' to check Python code syntax and style conventions
[0.789s] -- Added test 'lint_cmake' to check CMake code style
[0.789s] -- Added test 'pep257' to check Python code against some of the docstring style conventions in PEP 257
[0.790s] -- Added test 'xmllint' to check XML markup files
[0.792s] -- Configuring done
[0.793s] -- Generating done
[0.794s] -- Build files have been written to: /home/rozy/yolobot/build/yolobot_description
[0.802s] Invoked command in '/home/rozy/yolobot/build/yolobot_description' returned '0': CMAKE_PREFIX_PATH=${CMAKE_PREFIX_PATH}:/home/rozy/eyantra_ws/install/ur5_control:/home/rozy/ws_moveit2/install/moveit_configs_utils:/home/rozy/ws_moveit2/install/launch_param_builder:/home/rozy/ros2_ws/install/turtlesim_catch_them_all:/home/rozy/ros2_ws/install/my_py_pkg:/opt/ros/humble /usr/bin/cmake /home/rozy/yolobot/src/yolobot_description -DCMAKE_INSTALL_PREFIX=/home/rozy/yolobot/install/yolobot_description
[0.802s] Invoking command in '/home/rozy/yolobot/build/yolobot_description': CMAKE_PREFIX_PATH=${CMAKE_PREFIX_PATH}:/home/rozy/eyantra_ws/install/ur5_control:/home/rozy/ws_moveit2/install/moveit_configs_utils:/home/rozy/ws_moveit2/install/launch_param_builder:/home/rozy/ros2_ws/install/turtlesim_catch_them_all:/home/rozy/ros2_ws/install/my_py_pkg:/opt/ros/humble /usr/bin/cmake --build /home/rozy/yolobot/build/yolobot_description -- -j12 -l12
[0.833s] Invoked command in '/home/rozy/yolobot/build/yolobot_description' returned '0': CMAKE_PREFIX_PATH=${CMAKE_PREFIX_PATH}:/home/rozy/eyantra_ws/install/ur5_control:/home/rozy/ws_moveit2/install/moveit_configs_utils:/home/rozy/ws_moveit2/install/launch_param_builder:/home/rozy/ros2_ws/install/turtlesim_catch_them_all:/home/rozy/ros2_ws/install/my_py_pkg:/opt/ros/humble /usr/bin/cmake --build /home/rozy/yolobot/build/yolobot_description -- -j12 -l12
[0.834s] Invoking command in '/home/rozy/yolobot/build/yolobot_description': CMAKE_PREFIX_PATH=${CMAKE_PREFIX_PATH}:/home/rozy/eyantra_ws/install/ur5_control:/home/rozy/ws_moveit2/install/moveit_configs_utils:/home/rozy/ws_moveit2/install/launch_param_builder:/home/rozy/ros2_ws/install/turtlesim_catch_them_all:/home/rozy/ros2_ws/install/my_py_pkg:/opt/ros/humble /usr/bin/cmake --install /home/rozy/yolobot/build/yolobot_description
[0.841s] -- Install configuration: ""
[0.841s] -- Installing: /home/rozy/yolobot/install/yolobot_description/share/yolobot_description//launch
[0.841s] -- Installing: /home/rozy/yolobot/install/yolobot_description/share/yolobot_description//launch/spawn_yolobot_launch.launch.py
[0.841s] -- Installing: /home/rozy/yolobot/install/yolobot_description/share/yolobot_description//launch/spawn_yolobot.py
[0.841s] -- Installing: /home/rozy/yolobot/install/yolobot_description/share/yolobot_description//robot
[0.841s] -- Installing: /home/rozy/yolobot/install/yolobot_description/share/yolobot_description//robot/yolobot.urdf
[0.841s] -- Installing: /home/rozy/yolobot/install/yolobot_description/lib/yolobot_description/spawn_yolobot.py
[0.841s] -- Installing: /home/rozy/yolobot/install/yolobot_description/share/ament_index/resource_index/package_run_dependencies/yolobot_description
[0.841s] -- Installing: /home/rozy/yolobot/install/yolobot_description/share/ament_index/resource_index/parent_prefix_path/yolobot_description
[0.841s] -- Installing: /home/rozy/yolobot/install/yolobot_description/share/yolobot_description/environment/ament_prefix_path.sh
[0.841s] -- Installing: /home/rozy/yolobot/install/yolobot_description/share/yolobot_description/environment/ament_prefix_path.dsv
[0.841s] -- Installing: /home/rozy/yolobot/install/yolobot_description/share/yolobot_description/environment/path.sh
[0.841s] -- Installing: /home/rozy/yolobot/install/yolobot_description/share/yolobot_description/environment/path.dsv
[0.841s] -- Installing: /home/rozy/yolobot/install/yolobot_description/share/yolobot_description/local_setup.bash
[0.841s] -- Installing: /home/rozy/yolobot/install/yolobot_description/share/yolobot_description/local_setup.sh
[0.841s] -- Installing: /home/rozy/yolobot/install/yolobot_description/share/yolobot_description/local_setup.zsh
[0.841s] -- Installing: /home/rozy/yolobot/install/yolobot_description/share/yolobot_description/local_setup.dsv
[0.841s] -- Installing: /home/rozy/yolobot/install/yolobot_description/share/yolobot_description/package.dsv
[0.842s] -- Installing: /home/rozy/yolobot/install/yolobot_description/share/ament_index/resource_index/packages/yolobot_description
[0.842s] -- Installing: /home/rozy/yolobot/install/yolobot_description/share/yolobot_description/cmake/yolobot_descriptionConfig.cmake
[0.842s] -- Installing: /home/rozy/yolobot/install/yolobot_description/share/yolobot_description/cmake/yolobot_descriptionConfig-version.cmake
[0.842s] -- Installing: /home/rozy/yolobot/install/yolobot_description/share/yolobot_description/package.xml
[0.843s] Invoked command in '/home/rozy/yolobot/build/yolobot_description' returned '0': CMAKE_PREFIX_PATH=${CMAKE_PREFIX_PATH}:/home/rozy/eyantra_ws/install/ur5_control:/home/rozy/ws_moveit2/install/moveit_configs_utils:/home/rozy/ws_moveit2/install/launch_param_builder:/home/rozy/ros2_ws/install/turtlesim_catch_them_all:/home/rozy/ros2_ws/install/my_py_pkg:/opt/ros/humble /usr/bin/cmake --install /home/rozy/yolobot/build/yolobot_description
