[0.026s] Invoking command in '/home/rozy/yolobot/build/yolobot_control': CMAKE_PREFIX_PATH=${CMAKE_PREFIX_PATH}:/home/rozy/eyantra_ws/install/ur5_control:/home/rozy/ws_moveit2/install/moveit_configs_utils:/home/rozy/ws_moveit2/install/launch_param_builder:/home/rozy/ros2_ws/install/turtlesim_catch_them_all:/home/rozy/ros2_ws/install/my_py_pkg:/opt/ros/humble /usr/bin/cmake /home/rozy/yolobot/src/yolobot_control -DCMAKE_INSTALL_PREFIX=/home/rozy/yolobot/install/yolobot_control
[0.125s] -- The C compiler identification is GNU 11.4.0
[0.223s] -- The CXX compiler identification is GNU 11.4.0
[0.230s] -- Detecting C compiler ABI info
[0.291s] -- Detecting C compiler ABI info - done
[0.296s] -- Check for working C compiler: /usr/bin/cc - skipped
[0.296s] -- Detecting C compile features
[0.296s] -- Detecting C compile features - done
[0.298s] -- Detecting CXX compiler ABI info
[0.365s] -- Detecting CXX compiler ABI info - done
[0.370s] -- Check for working CXX compiler: /usr/bin/c++ - skipped
[0.370s] -- Detecting CXX compile features
[0.371s] -- Detecting CXX compile features - done
[0.375s] -- Found ament_cmake: 1.3.11 (/opt/ros/humble/share/ament_cmake/cmake)
[0.505s] -- Found Python3: /usr/bin/python3 (found version "3.10.12") found components: Interpreter 
[0.641s] -- Found ament_lint_auto: 0.12.11 (/opt/ros/humble/share/ament_lint_auto/cmake)
[0.733s] -- Added test 'copyright' to check source files copyright and LICENSE
[0.735s] -- Added test 'flake8' to check Python code syntax and style conventions
[0.735s] -- Added test 'lint_cmake' to check CMake code style
[0.736s] -- Added test 'pep257' to check Python code against some of the docstring style conventions in PEP 257
[0.737s] -- Added test 'xmllint' to check XML markup files
[0.739s] -- Configuring done
[0.741s] -- Generating done
[0.742s] -- Build files have been written to: /home/rozy/yolobot/build/yolobot_control
[0.745s] Invoked command in '/home/rozy/yolobot/build/yolobot_control' returned '0': CMAKE_PREFIX_PATH=${CMAKE_PREFIX_PATH}:/home/rozy/eyantra_ws/install/ur5_control:/home/rozy/ws_moveit2/install/moveit_configs_utils:/home/rozy/ws_moveit2/install/launch_param_builder:/home/rozy/ros2_ws/install/turtlesim_catch_them_all:/home/rozy/ros2_ws/install/my_py_pkg:/opt/ros/humble /usr/bin/cmake /home/rozy/yolobot/src/yolobot_control -DCMAKE_INSTALL_PREFIX=/home/rozy/yolobot/install/yolobot_control
[0.746s] Invoking command in '/home/rozy/yolobot/build/yolobot_control': CMAKE_PREFIX_PATH=${CMAKE_PREFIX_PATH}:/home/rozy/eyantra_ws/install/ur5_control:/home/rozy/ws_moveit2/install/moveit_configs_utils:/home/rozy/ws_moveit2/install/launch_param_builder:/home/rozy/ros2_ws/install/turtlesim_catch_them_all:/home/rozy/ros2_ws/install/my_py_pkg:/opt/ros/humble /usr/bin/cmake --build /home/rozy/yolobot/build/yolobot_control -- -j12 -l12
[0.778s] Invoked command in '/home/rozy/yolobot/build/yolobot_control' returned '0': CMAKE_PREFIX_PATH=${CMAKE_PREFIX_PATH}:/home/rozy/eyantra_ws/install/ur5_control:/home/rozy/ws_moveit2/install/moveit_configs_utils:/home/rozy/ws_moveit2/install/launch_param_builder:/home/rozy/ros2_ws/install/turtlesim_catch_them_all:/home/rozy/ros2_ws/install/my_py_pkg:/opt/ros/humble /usr/bin/cmake --build /home/rozy/yolobot/build/yolobot_control -- -j12 -l12
[0.780s] Invoking command in '/home/rozy/yolobot/build/yolobot_control': CMAKE_PREFIX_PATH=${CMAKE_PREFIX_PATH}:/home/rozy/eyantra_ws/install/ur5_control:/home/rozy/ws_moveit2/install/moveit_configs_utils:/home/rozy/ws_moveit2/install/launch_param_builder:/home/rozy/ros2_ws/install/turtlesim_catch_them_all:/home/rozy/ros2_ws/install/my_py_pkg:/opt/ros/humble /usr/bin/cmake --install /home/rozy/yolobot/build/yolobot_control
[0.787s] -- Install configuration: ""
[0.787s] -- Installing: /home/rozy/yolobot/install/yolobot_control/share/yolobot_control//scripts
[0.787s] -- Installing: /home/rozy/yolobot/install/yolobot_control/share/yolobot_control//scripts/robot_control.py
[0.787s] -- Installing: /home/rozy/yolobot/install/yolobot_control/share/yolobot_control//launch
[0.787s] -- Installing: /home/rozy/yolobot/install/yolobot_control/share/yolobot_control//launch/yolobot_control.launch.py
[0.787s] -- Installing: /home/rozy/yolobot/install/yolobot_control/lib/yolobot_control/robot_control.py
[0.787s] -- Installing: /home/rozy/yolobot/install/yolobot_control/lib/yolobot_control/yolobot_control.launch.py
[0.787s] -- Installing: /home/rozy/yolobot/install/yolobot_control/share/ament_index/resource_index/package_run_dependencies/yolobot_control
[0.787s] -- Installing: /home/rozy/yolobot/install/yolobot_control/share/ament_index/resource_index/parent_prefix_path/yolobot_control
[0.787s] -- Installing: /home/rozy/yolobot/install/yolobot_control/share/yolobot_control/environment/ament_prefix_path.sh
[0.788s] -- Installing: /home/rozy/yolobot/install/yolobot_control/share/yolobot_control/environment/ament_prefix_path.dsv
[0.788s] -- Installing: /home/rozy/yolobot/install/yolobot_control/share/yolobot_control/environment/path.sh
[0.788s] -- Installing: /home/rozy/yolobot/install/yolobot_control/share/yolobot_control/environment/path.dsv
[0.788s] -- Installing: /home/rozy/yolobot/install/yolobot_control/share/yolobot_control/local_setup.bash
[0.788s] -- Installing: /home/rozy/yolobot/install/yolobot_control/share/yolobot_control/local_setup.sh
[0.788s] -- Installing: /home/rozy/yolobot/install/yolobot_control/share/yolobot_control/local_setup.zsh
[0.788s] -- Installing: /home/rozy/yolobot/install/yolobot_control/share/yolobot_control/local_setup.dsv
[0.788s] -- Installing: /home/rozy/yolobot/install/yolobot_control/share/yolobot_control/package.dsv
[0.788s] -- Installing: /home/rozy/yolobot/install/yolobot_control/share/ament_index/resource_index/packages/yolobot_control
[0.788s] -- Installing: /home/rozy/yolobot/install/yolobot_control/share/yolobot_control/cmake/yolobot_controlConfig.cmake
[0.788s] -- Installing: /home/rozy/yolobot/install/yolobot_control/share/yolobot_control/cmake/yolobot_controlConfig-version.cmake
[0.788s] -- Installing: /home/rozy/yolobot/install/yolobot_control/share/yolobot_control/package.xml
[0.802s] Invoked command in '/home/rozy/yolobot/build/yolobot_control' returned '0': CMAKE_PREFIX_PATH=${CMAKE_PREFIX_PATH}:/home/rozy/eyantra_ws/install/ur5_control:/home/rozy/ws_moveit2/install/moveit_configs_utils:/home/rozy/ws_moveit2/install/launch_param_builder:/home/rozy/ros2_ws/install/turtlesim_catch_them_all:/home/rozy/ros2_ws/install/my_py_pkg:/opt/ros/humble /usr/bin/cmake --install /home/rozy/yolobot/build/yolobot_control
